0 info it worked if it ends with ok
1 verbose cli [ 'node', '/Users/cole/.nvm/v0.12.0/bin/npm', 'run', 'lr' ]
2 info using npm@3.3.12
3 info using node@v0.12.0
4 verbose run-script [ 'prelr', 'lr', 'postlr' ]
5 info lifecycle jquery@1.0.0~prelr: jquery@1.0.0
6 silly lifecycle jquery@1.0.0~prelr: no script for prelr, continuing
7 info lifecycle jquery@1.0.0~lr: jquery@1.0.0
8 verbose lifecycle jquery@1.0.0~lr: unsafe-perm in lifecycle true
9 verbose lifecycle jquery@1.0.0~lr: PATH: /Users/cole/.nvm/v0.12.0/lib/node_modules/npm/bin/node-gyp-bin:/Users/cole/projects/remember-yr-training/node_modules/.bin:/Users/cole/.rbenv/shims:/Users/cole/.nvm/v0.12.0/bin:/Users/cole/bin:/usr/local/bin:/Users/cole/ops-scripts/bin:/Users/cole/bin:/usr/local/bin:/usr/local/bin:/usr/bin:/bin:/usr/sbin:/sbin:/opt/X11/bin
10 verbose lifecycle jquery@1.0.0~lr: CWD: /Users/cole/projects/remember-yr-training
11 silly lifecycle jquery@1.0.0~lr: Args: [ '-c', 'livereloadify ./build' ]
12 silly lifecycle jquery@1.0.0~lr: Returned: code: 1  signal: null
13 info lifecycle jquery@1.0.0~lr: Failed to exec lr script
14 verbose stack Error: jquery@1.0.0 lr: `livereloadify ./build`
14 verbose stack Exit status 1
14 verbose stack     at EventEmitter.<anonymous> (/Users/cole/.nvm/v0.12.0/lib/node_modules/npm/lib/utils/lifecycle.js:232:16)
14 verbose stack     at EventEmitter.emit (events.js:110:17)
14 verbose stack     at ChildProcess.<anonymous> (/Users/cole/.nvm/v0.12.0/lib/node_modules/npm/lib/utils/spawn.js:24:14)
14 verbose stack     at ChildProcess.emit (events.js:110:17)
14 verbose stack     at maybeClose (child_process.js:1008:16)
14 verbose stack     at Process.ChildProcess._handle.onexit (child_process.js:1080:5)
15 verbose pkgid jquery@1.0.0
16 verbose cwd /Users/cole/projects/remember-yr-training
17 error Darwin 14.5.0
18 error argv "node" "/Users/cole/.nvm/v0.12.0/bin/npm" "run" "lr"
19 error node v0.12.0
20 error npm  v3.3.12
21 error code ELIFECYCLE
22 error jquery@1.0.0 lr: `livereloadify ./build`
22 error Exit status 1
23 error Failed at the jquery@1.0.0 lr script 'livereloadify ./build'.
23 error Make sure you have the latest version of node.js and npm installed.
23 error If you do, this is most likely a problem with the jquery package,
23 error not with npm itself.
23 error Tell the author that this fails on your system:
23 error     livereloadify ./build
23 error You can get their info via:
23 error     npm owner ls jquery
23 error There is likely additional logging output above.
24 verbose exit [ 1, true ]
